<?xml version="1.0" encoding="UTF-8"?>
<!-- Generated by org.testng.reporters.JUnitReportReporter -->
<testsuite hostname="192.168.1.3" failures="0" tests="1" name="tests.TestLogin" time="0.170" errors="0" timestamp="2023-08-14T22:44:59 IST" skipped="0">
  <testcase classname="tests.TestLogin" name="test_login_page" time="0.170"/>
</testsuite> <!-- tests.TestLogin -->
